# JRE version: OpenJDK Runtime Environment (13.0+33) (build 13+33)
# Java VM: OpenJDK 64-Bit Server VM (13+33, mixed mode, sharing, tiered, compressed oops, g1 gc, bsd-amd64)
Heap:
 garbage-first heap   total 137216K, used 78523K [0x0000000700000000, 0x0000000800000000)
  region size 1024K, 41 young (41984K), 7 survivors (7168K)
 Metaspace       used 78301K, capacity 81143K, committed 81408K, reserved 1120256K
  class space    used 10330K, capacity 11465K, committed 11520K, reserved 1048576K
GC Heap History (20 events):
Event: 6.760 GC heap before
{Heap before GC invocations=15 (full 0):
 garbage-first heap   total 95232K, used 64038K [0x0000000700000000, 0x0000000800000000)
  region size 1024K, 40 young (40960K), 4 survivors (4096K)
 Metaspace       used 45414K, capacity 46843K, committed 47360K, reserved 1089536K
  class space    used 6046K, capacity 6589K, committed 6656K, reserved 1048576K
}
Event: 6.765 GC heap after
{Heap after GC invocations=16 (full 0):
 garbage-first heap   total 95232K, used 28493K [0x0000000700000000, 0x0000000800000000)
  region size 1024K, 3 young (3072K), 3 survivors (3072K)
 Metaspace       used 45414K, capacity 46843K, committed 47360K, reserved 1089536K
  class space    used 6046K, capacity 6589K, committed 6656K, reserved 1048576K
}
Event: 7.120 GC heap before
{Heap before GC invocations=16 (full 0):
 garbage-first heap   total 95232K, used 65357K [0x0000000700000000, 0x0000000800000000)
  region size 1024K, 39 young (39936K), 3 survivors (3072K)
 Metaspace       used 48433K, capacity 49884K, committed 50432K, reserved 1093632K
  class space    used 6546K, capacity 7110K, committed 7168K, reserved 1048576K
}
Event: 7.124 GC heap after
{Heap after GC invocations=17 (full 0):
 garbage-first heap   total 95232K, used 28799K [0x0000000700000000, 0x0000000800000000)
  region size 1024K, 3 young (3072K), 3 survivors (3072K)
 Metaspace       used 48433K, capacity 49884K, committed 50432K, reserved 1093632K
  class space    used 6546K, capacity 7110K, committed 7168K, reserved 1048576K
}
Event: 7.501 GC heap before
{Heap before GC invocations=17 (full 0):
 garbage-first heap   total 95232K, used 67711K [0x0000000700000000, 0x0000000800000000)
  region size 1024K, 41 young (41984K), 3 survivors (3072K)
 Metaspace       used 52015K, capacity 53502K, committed 54016K, reserved 1095680K
  class space    used 6994K, capacity 7567K, committed 7680K, reserved 1048576K
}
Event: 7.506 GC heap after
{Heap after GC invocations=18 (full 0):
 garbage-first heap   total 114688K, used 30109K [0x0000000700000000, 0x0000000800000000)
  region size 1024K, 4 young (4096K), 4 survivors (4096K)
 Metaspace       used 52015K, capacity 53502K, committed 54016K, reserved 1095680K
  class space    used 6994K, capacity 7567K, committed 7680K, reserved 1048576K
}
Event: 7.993 GC heap before
{Heap before GC invocations=18 (full 0):
 garbage-first heap   total 114688K, used 78237K [0x0000000700000000, 0x0000000800000000)
  region size 1024K, 51 young (52224K), 4 survivors (4096K)
 Metaspace       used 54706K, capacity 56395K, committed 56704K, reserved 1097728K
  class space    used 7339K, capacity 7971K, committed 8064K, reserved 1048576K
}
Event: 8.000 GC heap after
{Heap after GC invocations=19 (full 0):
 garbage-first heap   total 114688K, used 32722K [0x0000000700000000, 0x0000000800000000)
  region size 1024K, 6 young (6144K), 6 survivors (6144K)
 Metaspace       used 54706K, capacity 56395K, committed 56704K, reserved 1097728K
  class space    used 7339K, capacity 7971K, committed 8064K, reserved 1048576K
}
Event: 8.398 GC heap before
{Heap before GC invocations=19 (full 0):
 garbage-first heap   total 114688K, used 80850K [0x0000000700000000, 0x0000000800000000)
  region size 1024K, 53 young (54272K), 6 survivors (6144K)
 Metaspace       used 56416K, capacity 58184K, committed 58496K, reserved 1099776K
  class space    used 7573K, capacity 8260K, committed 8320K, reserved 1048576K
}
Event: 8.405 GC heap after
{Heap after GC invocations=20 (full 0):
 garbage-first heap   total 114688K, used 34314K [0x0000000700000000, 0x0000000800000000)
  region size 1024K, 5 young (5120K), 5 survivors (5120K)
 Metaspace       used 56416K, capacity 58184K, committed 58496K, reserved 1099776K
  class space    used 7573K, capacity 8260K, committed 8320K, reserved 1048576K
}
Event: 8.787 GC heap before
{Heap before GC invocations=20 (full 0):
 garbage-first heap   total 114688K, used 83466K [0x0000000700000000, 0x0000000800000000)
  region size 1024K, 53 young (54272K), 5 survivors (5120K)
 Metaspace       used 57669K, capacity 59502K, committed 59648K, reserved 1099776K
  class space    used 7716K, capacity 8413K, committed 8448K, reserved 1048576K
}
Event: 8.794 GC heap after
{Heap after GC invocations=21 (full 0):
 garbage-first heap   total 114688K, used 36110K [0x0000000700000000, 0x0000000800000000)
  region size 1024K, 4 young (4096K), 4 survivors (4096K)
 Metaspace       used 57669K, capacity 59502K, committed 59648K, reserved 1099776K
  class space    used 7716K, capacity 8413K, committed 8448K, reserved 1048576K
}
Event: 8.931 GC heap before
{Heap before GC invocations=21 (full 0):
 garbage-first heap   total 114688K, used 45326K [0x0000000700000000, 0x0000000800000000)
  region size 1024K, 14 young (14336K), 4 survivors (4096K)
 Metaspace       used 58189K, capacity 59973K, committed 60160K, reserved 1101824K
  class space    used 7772K, capacity 8459K, committed 8576K, reserved 1048576K
}
Event: 8.937 GC heap after
{Heap after GC invocations=22 (full 0):
 garbage-first heap   total 138240K, used 36852K [0x0000000700000000, 0x0000000800000000)
  region size 1024K, 5 young (5120K), 5 survivors (5120K)
 Metaspace       used 58189K, capacity 59973K, committed 60160K, reserved 1101824K
  class space    used 7772K, capacity 8459K, committed 8576K, reserved 1048576K
}
Event: 9.708 GC heap before
{Heap before GC invocations=23 (full 0):
 garbage-first heap   total 137216K, used 97268K [0x0000000700000000, 0x0000000800000000)
  region size 1024K, 64 young (65536K), 5 survivors (5120K)
 Metaspace       used 60835K, capacity 62780K, committed 62976K, reserved 1103872K
  class space    used 8169K, capacity 8919K, committed 8960K, reserved 1048576K
}
Event: 9.716 GC heap after
{Heap after GC invocations=24 (full 0):
 garbage-first heap   total 137216K, used 39579K [0x0000000700000000, 0x0000000800000000)
  region size 1024K, 7 young (7168K), 7 survivors (7168K)
 Metaspace       used 60835K, capacity 62780K, committed 62976K, reserved 1103872K
  class space    used 8169K, capacity 8919K, committed 8960K, reserved 1048576K
}
Event: 10.510 GC heap before
{Heap before GC invocations=24 (full 0):
 garbage-first heap   total 137216K, used 99995K [0x0000000700000000, 0x0000000800000000)
  region size 1024K, 66 young (67584K), 7 survivors (7168K)
 Metaspace       used 63794K, capacity 66207K, committed 66432K, reserved 1105920K
  class space    used 8629K, capacity 9547K, committed 9600K, reserved 1048576K
}
Event: 10.522 GC heap after
{Heap after GC invocations=25 (full 0):
 garbage-first heap   total 137216K, used 42192K [0x0000000700000000, 0x0000000800000000)
  region size 1024K, 7 young (7168K), 7 survivors (7168K)
 Metaspace       used 63794K, capacity 66207K, committed 66432K, reserved 1105920K
  class space    used 8629K, capacity 9547K, committed 9600K, reserved 1048576K
}
Event: 11.846 GC heap before
{Heap before GC invocations=25 (full 0):
 garbage-first heap   total 137216K, used 101584K [0x0000000700000000, 0x0000000800000000)
  region size 1024K, 66 young (67584K), 7 survivors (7168K)
 Metaspace       used 72422K, capacity 75215K, committed 75648K, reserved 1114112K
  class space    used 9653K, capacity 10765K, committed 10880K, reserved 1048576K
}
Event: 11.859 GC heap after
{Heap after GC invocations=26 (full 0):
 garbage-first heap   total 137216K, used 45755K [0x0000000700000000, 0x0000000800000000)
  region size 1024K, 7 young (7168K), 7 survivors (7168K)
 Metaspace       used 72422K, capacity 75215K, committed 75648K, reserved 1114112K
  class space    used 9653K, capacity 10765K, committed 10880K, reserved 1048576K
}

